<?xml version="1.0" encoding="UTF-8"?>
<coverage generated="1634465179570" clover="3.2.0">
  <project timestamp="1634465179570" name="All files">
    <metrics statements="72" coveredstatements="55" conditionals="14" coveredconditionals="6" methods="18" coveredmethods="10" elements="104" coveredelements="71" complexity="0" loc="72" ncloc="72" packages="2" files="3" classes="3"/>
    <package name="src">
      <metrics statements="30" coveredstatements="13" conditionals="8" coveredconditionals="0" methods="9" coveredmethods="1"/>
      <file name="const.js" path="D:\Git\what-to-watch-2\src\const.js">
        <metrics statements="8" coveredstatements="7" conditionals="0" coveredconditionals="0" methods="1" coveredmethods="0"/>
        <line num="1" count="1" type="stmt"/>
        <line num="6" count="1" type="stmt"/>
        <line num="12" count="1" type="stmt"/>
        <line num="26" count="1" type="stmt"/>
        <line num="39" count="1" type="stmt"/>
        <line num="40" count="0" type="stmt"/>
        <line num="43" count="1" type="stmt"/>
        <line num="44" count="1" type="stmt"/>
      </file>
      <file name="game.js" path="D:\Git\what-to-watch-2\src\game.js">
        <metrics statements="22" coveredstatements="6" conditionals="8" coveredconditionals="0" methods="8" coveredmethods="1"/>
        <line num="5" count="1" type="stmt"/>
        <line num="12" count="1" type="stmt"/>
        <line num="20" count="1" type="stmt"/>
        <line num="22" count="0" type="cond" truecount="0" falsecount="2"/>
        <line num="23" count="0" type="stmt"/>
        <line num="25" count="0" type="stmt"/>
        <line num="28" count="0" type="stmt"/>
        <line num="31" count="1" type="stmt"/>
        <line num="32" count="0" type="stmt"/>
        <line num="37" count="1" type="stmt"/>
        <line num="41" count="0" type="stmt"/>
        <line num="46" count="0" type="stmt"/>
        <line num="50" count="0" type="stmt"/>
        <line num="55" count="1" type="cond" truecount="0" falsecount="1"/>
        <line num="56" count="0" type="cond" truecount="0" falsecount="5"/>
        <line num="58" count="0" type="stmt"/>
        <line num="63" count="0" type="stmt"/>
        <line num="64" count="0" type="stmt"/>
        <line num="69" count="0" type="stmt"/>
        <line num="74" count="0" type="stmt"/>
        <line num="79" count="0" type="stmt"/>
        <line num="82" count="0" type="stmt"/>
      </file>
    </package>
    <package name="src.mocks">
      <metrics statements="42" coveredstatements="42" conditionals="6" coveredconditionals="6" methods="9" coveredmethods="9"/>
      <file name="films.js" path="D:\Git\what-to-watch-2\src\mocks\films.js">
        <metrics statements="42" coveredstatements="42" conditionals="6" coveredconditionals="6" methods="9" coveredmethods="9"/>
        <line num="3" count="1" type="cond" truecount="1" falsecount="0"/>
        <line num="4" count="954" type="stmt"/>
        <line num="7" count="1" type="stmt"/>
        <line num="9" count="1" type="stmt"/>
        <line num="22" count="10" type="stmt"/>
        <line num="24" count="1" type="stmt"/>
        <line num="34" count="1" type="stmt"/>
        <line num="36" count="1" type="stmt"/>
        <line num="37" count="75" type="stmt"/>
        <line num="38" count="75" type="stmt"/>
        <line num="39" count="192" type="stmt"/>
        <line num="40" count="192" type="stmt"/>
        <line num="42" count="75" type="stmt"/>
        <line num="45" count="1" type="stmt"/>
        <line num="46" count="57" type="stmt"/>
        <line num="47" count="57" type="stmt"/>
        <line num="48" count="57" type="stmt"/>
        <line num="49" count="57" type="stmt"/>
        <line num="50" count="57" type="stmt"/>
        <line num="51" count="57" type="stmt"/>
        <line num="52" count="57" type="stmt"/>
        <line num="55" count="1" type="stmt"/>
        <line num="56" count="57" type="stmt"/>
        <line num="64" count="1" type="stmt"/>
        <line num="65" count="102" type="stmt"/>
        <line num="68" count="1" type="cond" truecount="1" falsecount="0"/>
        <line num="69" count="36" type="stmt"/>
        <line num="70" count="36" type="stmt"/>
        <line num="71" count="36" type="stmt"/>
        <line num="72" count="123" type="stmt"/>
        <line num="75" count="36" type="stmt"/>
        <line num="78" count="1" type="stmt"/>
        <line num="82" count="1" type="stmt"/>
        <line num="83" count="1" type="stmt"/>
        <line num="84" count="18" type="stmt"/>
        <line num="85" count="18" type="stmt"/>
        <line num="87" count="18" type="cond" truecount="2" falsecount="0"/>
        <line num="88" count="16" type="stmt"/>
        <line num="89" count="2" type="cond" truecount="2" falsecount="0"/>
        <line num="90" count="1" type="stmt"/>
        <line num="93" count="18" type="stmt"/>
        <line num="116" count="1" type="stmt"/>
      </file>
    </package>
  </project>
</coverage>
