{"D:\\Git\\what-to-watch-2\\src\\const.js": {"path":"D:\\Git\\what-to-watch-2\\src\\const.js","statementMap":{"0":{"start":{"line":1,"column":26},"end":{"line":4,"column":1}},"1":{"start":{"line":6,"column":24},"end":{"line":10,"column":1}},"2":{"start":{"line":12,"column":22},"end":{"line":24,"column":13}},"3":{"start":{"line":26,"column":22},"end":{"line":37,"column":1}},"4":{"start":{"line":39,"column":22},"end":{"line":41,"column":1}},"5":{"start":{"line":40,"column":2},"end":{"line":40,"column":33}},"6":{"start":{"line":43,"column":46},"end":{"line":43,"column":47}},"7":{"start":{"line":44,"column":37},"end":{"line":44,"column":39}}},"fnMap":{"0":{"name":"(anonymous_0)","decl":{"start":{"line":39,"column":22},"end":{"line":39,"column":23}},"loc":{"start":{"line":39,"column":32},"end":{"line":41,"column":1}},"line":39}},"branchMap":{},"s":{"0":1,"1":1,"2":1,"3":1,"4":1,"5":0,"6":1,"7":1},"f":{"0":0},"b":{},"_coverageSchema":"1a1c01bbd47fc00a2c39e90264f33305004495a9","hash":"076d24778e71fc78b1dde0a33a823529c5caf85f"}
,"D:\\Git\\what-to-watch-2\\src\\reducer.js": {"path":"D:\\Git\\what-to-watch-2\\src\\reducer.js","statementMap":{"0":{"start":{"line":5,"column":21},"end":{"line":10,"column":1}},"1":{"start":{"line":12,"column":19},"end":{"line":18,"column":1}},"2":{"start":{"line":20,"column":32},"end":{"line":29,"column":1}},"3":{"start":{"line":22,"column":2},"end":{"line":26,"column":3}},"4":{"start":{"line":23,"column":4},"end":{"line":23,"column":36}},"5":{"start":{"line":25,"column":4},"end":{"line":25,"column":75}},"6":{"start":{"line":25,"column":53},"end":{"line":25,"column":73}},"7":{"start":{"line":28,"column":2},"end":{"line":28,"column":30}},"8":{"start":{"line":31,"column":22},"end":{"line":53,"column":1}},"9":{"start":{"line":32,"column":27},"end":{"line":35,"column":3}},"10":{"start":{"line":37,"column":19},"end":{"line":39,"column":3}},"11":{"start":{"line":41,"column":37},"end":{"line":44,"column":3}},"12":{"start":{"line":46,"column":39},"end":{"line":48,"column":3}},"13":{"start":{"line":50,"column":22},"end":{"line":52,"column":3}},"14":{"start":{"line":55,"column":16},"end":{"line":83,"column":1}},"15":{"start":{"line":56,"column":2},"end":{"line":80,"column":3}},"16":{"start":{"line":58,"column":6},"end":{"line":60,"column":9}},"17":{"start":{"line":63,"column":28},"end":{"line":63,"column":71}},"18":{"start":{"line":64,"column":6},"end":{"line":66,"column":9}},"19":{"start":{"line":69,"column":6},"end":{"line":71,"column":9}},"20":{"start":{"line":74,"column":6},"end":{"line":76,"column":9}},"21":{"start":{"line":79,"column":6},"end":{"line":79,"column":38}},"22":{"start":{"line":82,"column":2},"end":{"line":82,"column":15}}},"fnMap":{"0":{"name":"(anonymous_0)","decl":{"start":{"line":20,"column":32},"end":{"line":20,"column":33}},"loc":{"start":{"line":20,"column":53},"end":{"line":29,"column":1}},"line":20},"1":{"name":"(anonymous_1)","decl":{"start":{"line":25,"column":43},"end":{"line":25,"column":44}},"loc":{"start":{"line":25,"column":53},"end":{"line":25,"column":73}},"line":25},"2":{"name":"(anonymous_2)","decl":{"start":{"line":32,"column":15},"end":{"line":32,"column":16}},"loc":{"start":{"line":32,"column":27},"end":{"line":35,"column":3}},"line":32},"3":{"name":"(anonymous_3)","decl":{"start":{"line":37,"column":12},"end":{"line":37,"column":13}},"loc":{"start":{"line":37,"column":19},"end":{"line":39,"column":3}},"line":37},"4":{"name":"(anonymous_4)","decl":{"start":{"line":41,"column":30},"end":{"line":41,"column":31}},"loc":{"start":{"line":41,"column":37},"end":{"line":44,"column":3}},"line":41},"5":{"name":"(anonymous_5)","decl":{"start":{"line":46,"column":32},"end":{"line":46,"column":33}},"loc":{"start":{"line":46,"column":39},"end":{"line":48,"column":3}},"line":46},"6":{"name":"(anonymous_6)","decl":{"start":{"line":50,"column":15},"end":{"line":50,"column":16}},"loc":{"start":{"line":50,"column":22},"end":{"line":52,"column":3}},"line":50},"7":{"name":"(anonymous_7)","decl":{"start":{"line":55,"column":16},"end":{"line":55,"column":17}},"loc":{"start":{"line":55,"column":50},"end":{"line":83,"column":1}},"line":55}},"branchMap":{"0":{"loc":{"start":{"line":22,"column":2},"end":{"line":26,"column":3}},"type":"if","locations":[{"start":{"line":22,"column":2},"end":{"line":26,"column":3}},{"start":{"line":22,"column":2},"end":{"line":26,"column":3}}],"line":22},"1":{"loc":{"start":{"line":55,"column":17},"end":{"line":55,"column":37}},"type":"default-arg","locations":[{"start":{"line":55,"column":25},"end":{"line":55,"column":37}}],"line":55},"2":{"loc":{"start":{"line":56,"column":2},"end":{"line":80,"column":3}},"type":"switch","locations":[{"start":{"line":57,"column":4},"end":{"line":60,"column":9}},{"start":{"line":62,"column":4},"end":{"line":66,"column":9}},{"start":{"line":68,"column":4},"end":{"line":71,"column":9}},{"start":{"line":73,"column":4},"end":{"line":76,"column":9}},{"start":{"line":78,"column":4},"end":{"line":79,"column":38}}],"line":56}},"s":{"0":1,"1":1,"2":1,"3":0,"4":0,"5":0,"6":0,"7":0,"8":1,"9":0,"10":1,"11":0,"12":0,"13":0,"14":1,"15":0,"16":0,"17":0,"18":0,"19":0,"20":0,"21":0,"22":0},"f":{"0":0,"1":0,"2":0,"3":1,"4":0,"5":0,"6":0,"7":0},"b":{"0":[0,0],"1":[0],"2":[0,0,0,0,0]},"_coverageSchema":"1a1c01bbd47fc00a2c39e90264f33305004495a9","hash":"1c492134f2de945d60a54601c5e9624d8531ee67"}
,"D:\\Git\\what-to-watch-2\\src\\mocks\\films.js": {"path":"D:\\Git\\what-to-watch-2\\src\\mocks\\films.js","statementMap":{"0":{"start":{"line":3,"column":24},"end":{"line":5,"column":1}},"1":{"start":{"line":4,"column":2},"end":{"line":4,"column":55}},"2":{"start":{"line":7,"column":14},"end":{"line":7,"column":84}},"3":{"start":{"line":9,"column":18},"end":{"line":20,"column":1}},"4":{"start":{"line":22,"column":15},"end":{"line":22,"column":83}},"5":{"start":{"line":22,"column":55},"end":{"line":22,"column":82}},"6":{"start":{"line":24,"column":13},"end":{"line":32,"column":100}},"7":{"start":{"line":34,"column":18},"end":{"line":34,"column":35}},"8":{"start":{"line":36,"column":22},"end":{"line":43,"column":1}},"9":{"start":{"line":37,"column":19},"end":{"line":37,"column":21}},"10":{"start":{"line":38,"column":2},"end":{"line":41,"column":3}},"11":{"start":{"line":38,"column":15},"end":{"line":38,"column":16}},"12":{"start":{"line":39,"column":4},"end":{"line":39,"column":67}},"13":{"start":{"line":40,"column":4},"end":{"line":40,"column":23}},"14":{"start":{"line":42,"column":2},"end":{"line":42,"column":20}},"15":{"start":{"line":45,"column":22},"end":{"line":53,"column":1}},"16":{"start":{"line":46,"column":21},"end":{"line":46,"column":31}},"17":{"start":{"line":47,"column":20},"end":{"line":47,"column":23}},"18":{"start":{"line":48,"column":20},"end":{"line":48,"column":54}},"19":{"start":{"line":49,"column":2},"end":{"line":49,"column":55}},"20":{"start":{"line":50,"column":2},"end":{"line":50,"column":46}},"21":{"start":{"line":51,"column":2},"end":{"line":51,"column":48}},"22":{"start":{"line":52,"column":2},"end":{"line":52,"column":20}},"23":{"start":{"line":55,"column":18},"end":{"line":62,"column":1}},"24":{"start":{"line":56,"column":2},"end":{"line":61,"column":4}},"25":{"start":{"line":64,"column":32},"end":{"line":66,"column":1}},"26":{"start":{"line":65,"column":2},"end":{"line":65,"column":50}},"27":{"start":{"line":68,"column":34},"end":{"line":76,"column":1}},"28":{"start":{"line":69,"column":16},"end":{"line":69,"column":41}},"29":{"start":{"line":70,"column":20},"end":{"line":70,"column":22}},"30":{"start":{"line":71,"column":2},"end":{"line":73,"column":3}},"31":{"start":{"line":71,"column":15},"end":{"line":71,"column":16}},"32":{"start":{"line":72,"column":4},"end":{"line":72,"column":40}},"33":{"start":{"line":75,"column":2},"end":{"line":75,"column":21}},"34":{"start":{"line":78,"column":19},"end":{"line":80,"column":114}},"35":{"start":{"line":82,"column":17},"end":{"line":114,"column":1}},"36":{"start":{"line":83,"column":2},"end":{"line":113,"column":5}},"37":{"start":{"line":84,"column":18},"end":{"line":84,"column":40}},"38":{"start":{"line":85,"column":16},"end":{"line":85,"column":27}},"39":{"start":{"line":87,"column":4},"end":{"line":91,"column":5}},"40":{"start":{"line":88,"column":6},"end":{"line":88,"column":20}},"41":{"start":{"line":89,"column":11},"end":{"line":91,"column":5}},"42":{"start":{"line":90,"column":6},"end":{"line":90,"column":21}},"43":{"start":{"line":93,"column":4},"end":{"line":112,"column":7}},"44":{"start":{"line":116,"column":14},"end":{"line":116,"column":24}}},"fnMap":{"0":{"name":"(anonymous_0)","decl":{"start":{"line":3,"column":24},"end":{"line":3,"column":25}},"loc":{"start":{"line":3,"column":42},"end":{"line":5,"column":1}},"line":3},"1":{"name":"(anonymous_1)","decl":{"start":{"line":22,"column":44},"end":{"line":22,"column":45}},"loc":{"start":{"line":22,"column":55},"end":{"line":22,"column":82}},"line":22},"2":{"name":"(anonymous_2)","decl":{"start":{"line":36,"column":22},"end":{"line":36,"column":23}},"loc":{"start":{"line":36,"column":28},"end":{"line":43,"column":1}},"line":36},"3":{"name":"(anonymous_3)","decl":{"start":{"line":45,"column":22},"end":{"line":45,"column":23}},"loc":{"start":{"line":45,"column":28},"end":{"line":53,"column":1}},"line":45},"4":{"name":"(anonymous_4)","decl":{"start":{"line":55,"column":18},"end":{"line":55,"column":19}},"loc":{"start":{"line":55,"column":24},"end":{"line":62,"column":1}},"line":55},"5":{"name":"(anonymous_5)","decl":{"start":{"line":64,"column":32},"end":{"line":64,"column":33}},"loc":{"start":{"line":64,"column":43},"end":{"line":66,"column":1}},"line":64},"6":{"name":"(anonymous_6)","decl":{"start":{"line":68,"column":34},"end":{"line":68,"column":35}},"loc":{"start":{"line":68,"column":72},"end":{"line":76,"column":1}},"line":68},"7":{"name":"(anonymous_7)","decl":{"start":{"line":82,"column":17},"end":{"line":82,"column":18}},"loc":{"start":{"line":82,"column":23},"end":{"line":114,"column":1}},"line":82},"8":{"name":"(anonymous_8)","decl":{"start":{"line":83,"column":24},"end":{"line":83,"column":25}},"loc":{"start":{"line":83,"column":38},"end":{"line":113,"column":3}},"line":83}},"branchMap":{"0":{"loc":{"start":{"line":3,"column":30},"end":{"line":3,"column":37}},"type":"default-arg","locations":[{"start":{"line":3,"column":36},"end":{"line":3,"column":37}}],"line":3},"1":{"loc":{"start":{"line":68,"column":57},"end":{"line":68,"column":67}},"type":"default-arg","locations":[{"start":{"line":68,"column":65},"end":{"line":68,"column":67}}],"line":68},"2":{"loc":{"start":{"line":87,"column":4},"end":{"line":91,"column":5}},"type":"if","locations":[{"start":{"line":87,"column":4},"end":{"line":91,"column":5}},{"start":{"line":87,"column":4},"end":{"line":91,"column":5}}],"line":87},"3":{"loc":{"start":{"line":89,"column":11},"end":{"line":91,"column":5}},"type":"if","locations":[{"start":{"line":89,"column":11},"end":{"line":91,"column":5}},{"start":{"line":89,"column":11},"end":{"line":91,"column":5}}],"line":89}},"s":{"0":1,"1":954,"2":1,"3":1,"4":1,"5":10,"6":1,"7":1,"8":1,"9":75,"10":75,"11":75,"12":192,"13":192,"14":75,"15":1,"16":57,"17":57,"18":57,"19":57,"20":57,"21":57,"22":57,"23":1,"24":57,"25":1,"26":102,"27":1,"28":36,"29":36,"30":36,"31":36,"32":123,"33":36,"34":1,"35":1,"36":1,"37":18,"38":18,"39":18,"40":16,"41":2,"42":1,"43":18,"44":1},"f":{"0":954,"1":10,"2":75,"3":57,"4":57,"5":102,"6":36,"7":1,"8":18},"b":{"0":[426],"1":[18],"2":[16,2],"3":[1,1]},"_coverageSchema":"1a1c01bbd47fc00a2c39e90264f33305004495a9","hash":"1f7ad64e3bd0d718c46bfae967ddc26657dac4b0"}
}
