TN:
SF:src\const.js
FN:39,(anonymous_0)
FNF:1
FNH:0
FNDA:0,(anonymous_0)
DA:1,1
DA:6,1
DA:12,1
DA:26,1
DA:39,1
DA:40,0
DA:43,1
DA:44,1
LF:8
LH:7
BRF:0
BRH:0
end_of_record
TN:
SF:src\game.js
FN:20,(anonymous_0)
FN:25,(anonymous_1)
FN:32,(anonymous_2)
FN:37,(anonymous_3)
FN:41,(anonymous_4)
FN:46,(anonymous_5)
FN:50,(anonymous_6)
FN:55,(anonymous_7)
FNF:8
FNH:1
FNDA:0,(anonymous_0)
FNDA:0,(anonymous_1)
FNDA:0,(anonymous_2)
FNDA:1,(anonymous_3)
FNDA:0,(anonymous_4)
FNDA:0,(anonymous_5)
FNDA:0,(anonymous_6)
FNDA:0,(anonymous_7)
DA:5,1
DA:12,1
DA:20,1
DA:22,0
DA:23,0
DA:25,0
DA:28,0
DA:31,1
DA:32,0
DA:37,1
DA:41,0
DA:46,0
DA:50,0
DA:55,1
DA:56,0
DA:58,0
DA:63,0
DA:64,0
DA:69,0
DA:74,0
DA:79,0
DA:82,0
LF:22
LH:6
BRDA:22,0,0,0
BRDA:22,0,1,0
BRDA:55,1,0,0
BRDA:56,2,0,0
BRDA:56,2,1,0
BRDA:56,2,2,0
BRDA:56,2,3,0
BRDA:56,2,4,0
BRF:8
BRH:0
end_of_record
TN:
SF:src\mocks\films.js
FN:3,(anonymous_0)
FN:22,(anonymous_1)
FN:36,(anonymous_2)
FN:45,(anonymous_3)
FN:55,(anonymous_4)
FN:64,(anonymous_5)
FN:68,(anonymous_6)
FN:82,(anonymous_7)
FN:83,(anonymous_8)
FNF:9
FNH:9
FNDA:954,(anonymous_0)
FNDA:10,(anonymous_1)
FNDA:75,(anonymous_2)
FNDA:57,(anonymous_3)
FNDA:57,(anonymous_4)
FNDA:102,(anonymous_5)
FNDA:36,(anonymous_6)
FNDA:1,(anonymous_7)
FNDA:18,(anonymous_8)
DA:3,1
DA:4,954
DA:7,1
DA:9,1
DA:22,10
DA:24,1
DA:34,1
DA:36,1
DA:37,75
DA:38,75
DA:39,192
DA:40,192
DA:42,75
DA:45,1
DA:46,57
DA:47,57
DA:48,57
DA:49,57
DA:50,57
DA:51,57
DA:52,57
DA:55,1
DA:56,57
DA:64,1
DA:65,102
DA:68,1
DA:69,36
DA:70,36
DA:71,36
DA:72,123
DA:75,36
DA:78,1
DA:82,1
DA:83,1
DA:84,18
DA:85,18
DA:87,18
DA:88,16
DA:89,2
DA:90,1
DA:93,18
DA:116,1
LF:42
LH:42
BRDA:3,0,0,426
BRDA:68,1,0,18
BRDA:87,2,0,16
BRDA:87,2,1,2
BRDA:89,3,0,1
BRDA:89,3,1,1
BRF:6
BRH:6
end_of_record
